{
  "stats": {
    "suites": 0,
    "tests": 1,
    "passes": 1,
    "pending": 0,
    "failures": 0,
    "start": "2023-08-02T05:49:37.563Z",
    "end": "2023-08-02T05:49:48.346Z",
    "duration": 10783,
    "testsRegistered": 1,
    "passPercent": 100,
    "pendingPercent": 0,
    "other": 0,
    "hasOther": false,
    "skipped": 0,
    "hasSkipped": false
  },
  "results": [
    {
      "uuid": "306e17b6-d686-46d0-a948-5fad90d423db",
      "title": "",
      "fullFile": "cypress\\e2e\\login.cy.js",
      "file": "cypress\\e2e\\login.cy.js",
      "beforeHooks": [],
      "afterHooks": [],
      "tests": [
        {
          "title": "page",
          "fullTitle": "page",
          "timedOut": null,
          "duration": 8545,
          "state": "passed",
          "speed": "medium",
          "pass": true,
          "fail": false,
          "pending": false,
          "context": null,
          "code": "cy.visit('https://opensource-demo.orangehrmlive.com/');\n//invoking methods in the class\nln.enterUserName('Admin');\nln.enterPassword('admin123');\nln.clicklogin();",
          "err": {},
          "uuid": "4eec26be-41e5-4a56-8ef3-1b27cdc051d0",
          "parentUUID": "306e17b6-d686-46d0-a948-5fad90d423db",
          "isHook": false,
          "skipped": false
        }
      ],
      "suites": [],
      "passes": [
        "4eec26be-41e5-4a56-8ef3-1b27cdc051d0"
      ],
      "failures": [],
      "pending": [],
      "skipped": [],
      "duration": 8545,
      "root": true,
      "rootEmpty": false,
      "_timeout": 2000
    }
  ],
  "meta": {
    "mocha": {
      "version": "7.0.1"
    },
    "mochawesome": {
      "options": {
        "quiet": false,
        "reportFilename": "mochawesome",
        "saveHtml": false,
        "saveJson": true,
        "consoleReporter": "spec",
        "useInlineDiffs": false,
        "code": true
      },
      "version": "7.1.3"
    },
    "marge": {
      "options": {
        "charts": true,
        "overwrite": false,
        "html": false,
        "json": true,
        "reportDir": "cypress/report/mochawesome-report"
      },
      "version": "6.2.0"
    }
  }
}