{
  "stats": {
    "suites": 0,
    "tests": 1,
    "passes": 1,
    "pending": 0,
    "failures": 0,
    "start": "2023-08-28T05:36:48.034Z",
    "end": "2023-08-28T05:37:22.561Z",
    "duration": 34527,
    "testsRegistered": 1,
    "passPercent": 100,
    "pendingPercent": 0,
    "other": 0,
    "hasOther": false,
    "skipped": 0,
    "hasSkipped": false
  },
  "results": [
    {
      "uuid": "180c1443-f0cb-4ae5-833d-54e62c13ee12",
      "title": "",
      "fullFile": "cypress\\e2e\\enquiry.cy.js",
      "file": "cypress\\e2e\\enquiry.cy.js",
      "beforeHooks": [],
      "afterHooks": [],
      "tests": [
        {
          "title": "Enquiry",
          "fullTitle": "Enquiry",
          "timedOut": null,
          "duration": 29059,
          "state": "passed",
          "speed": "slow",
          "pass": true,
          "fail": false,
          "pending": false,
          "context": null,
          "code": "cy.fixture('data.json').then(info => {\n  // cy.get('#NC_CLOSE_ICON').then(($ad)=>{\n  //     if($ad.hasClass('active')){\n  //         cy.get($ad).click()\n  //     }\n  // })\n  cy.get('#enquire-name').type(info.name);\n  cy.wait(1000);\n  cy.get('#enquire-email').type(info.email);\n  cy.wait(5000);\n  cy.get('#preview-notification-frame').should('be.visible').then($iframe => {\n    const $body = $iframe.contents().find('#NC_CLOSE_ICON');\n    cy.wrap($body).click();\n  });\n  cy.wait(1000);\n  cy.get('#enquire-mobile').type(info.mobile);\n  cy.wait(1000);\n  cy.get('#enquire-pincode', {\n    force: true\n  }).type(info.pincode);\n});\ncy.get(':nth-child(2) > .ccFormScheduler > :nth-child(1) > .enquire-form > .enquire-form__step-1 > #pdp-request-call-back-form > .form-group-global__enquire-form--elements-submit-wrap > .ctaComp').click();\ncy.wait(6000);\ncy.get('.thank-you-message').invoke('text').then(thankyou => {\n  cy.log(thankyou);\n});\ncy.log(Text);",
          "err": {},
          "uuid": "7b23101a-7b55-40bc-93f4-363253fc2022",
          "parentUUID": "180c1443-f0cb-4ae5-833d-54e62c13ee12",
          "isHook": false,
          "skipped": false
        }
      ],
      "suites": [],
      "passes": [
        "7b23101a-7b55-40bc-93f4-363253fc2022"
      ],
      "failures": [],
      "pending": [],
      "skipped": [],
      "duration": 29059,
      "root": true,
      "rootEmpty": false,
      "_timeout": 2000
    }
  ],
  "meta": {
    "mocha": {
      "version": "7.0.1"
    },
    "mochawesome": {
      "options": {
        "quiet": false,
        "reportFilename": "mochawesome",
        "saveHtml": false,
        "saveJson": true,
        "consoleReporter": "spec",
        "useInlineDiffs": false,
        "code": true
      },
      "version": "7.1.3"
    },
    "marge": {
      "options": {
        "charts": true,
        "overwrite": false,
        "html": false,
        "json": true,
        "reportDir": "cypress/report/mochawesome-report"
      },
      "version": "6.2.0"
    }
  }
}