{
  "stats": {
    "suites": 0,
    "tests": 1,
    "passes": 0,
    "pending": 0,
    "failures": 1,
    "start": "2023-08-02T05:49:04.122Z",
    "end": "2023-08-02T05:49:12.402Z",
    "duration": 8280,
    "testsRegistered": 1,
    "passPercent": 0,
    "pendingPercent": 0,
    "other": 0,
    "hasOther": false,
    "skipped": 0,
    "hasSkipped": false
  },
  "results": [
    {
      "uuid": "55f5a67e-9751-40b5-a369-56d699a4c963",
      "title": "",
      "fullFile": "cypress\\e2e\\enquiry.cy.js",
      "file": "cypress\\e2e\\enquiry.cy.js",
      "beforeHooks": [],
      "afterHooks": [],
      "tests": [
        {
          "title": "Enquiry",
          "fullTitle": "Enquiry",
          "timedOut": null,
          "duration": 6079,
          "state": "failed",
          "speed": null,
          "pass": false,
          "fail": true,
          "pending": false,
          "context": null,
          "code": "cy.fixture('data.json').then(info => {\n  cy.get('#enquire-name').type(info.name);\n  cy.get('#enquire-email').type(info.email);\n  cy.get('#enquire-mobile').type(info.mobile);\n  cy.get('#enquire-pincode').type(info.pincode);\n});\ncy.get('#pdp-request-call-back-form > div.form-group-global__enquire-form--elements-submit-wrap > div.ctaComp.baseBtn > button', {\n  multiple: true\n}).click();",
          "err": {
            "message": "CypressError: `cy.click()` can only be called on a single element. Your subject contained 2 elements. Pass `{ multiple: true }` if you want to serially click each element.\n\nhttps://on.cypress.io/click",
            "estack": "CypressError: `cy.click()` can only be called on a single element. Your subject contained 2 elements. Pass `{ multiple: true }` if you want to serially click each element.\n\nhttps://on.cypress.io/click\n    at mouseAction (https://www.asianpaints.com/__cypress/runner/cypress_runner.js:141803:76)\n    at Context.click (https://www.asianpaints.com/__cypress/runner/cypress_runner.js:141967:14)\n    at wrapped (https://www.asianpaints.com/__cypress/runner/cypress_runner.js:160816:19)\nFrom Your Spec Code:\n    at Context.eval (webpack:///./cypress/e2e/enquiry.cy.js:15:150)",
            "diff": null
          },
          "uuid": "7c242a18-a632-4101-9247-ed5203008936",
          "parentUUID": "55f5a67e-9751-40b5-a369-56d699a4c963",
          "isHook": false,
          "skipped": false
        }
      ],
      "suites": [],
      "passes": [],
      "failures": [
        "7c242a18-a632-4101-9247-ed5203008936"
      ],
      "pending": [],
      "skipped": [],
      "duration": 6079,
      "root": true,
      "rootEmpty": false,
      "_timeout": 2000
    }
  ],
  "meta": {
    "mocha": {
      "version": "7.0.1"
    },
    "mochawesome": {
      "options": {
        "quiet": false,
        "reportFilename": "mochawesome",
        "saveHtml": false,
        "saveJson": true,
        "consoleReporter": "spec",
        "useInlineDiffs": false,
        "code": true
      },
      "version": "7.1.3"
    },
    "marge": {
      "options": {
        "charts": true,
        "overwrite": false,
        "html": false,
        "json": true,
        "reportDir": "cypress/report/mochawesome-report"
      },
      "version": "6.2.0"
    }
  }
}