{
  "stats": {
    "suites": 0,
    "tests": 1,
    "passes": 0,
    "pending": 0,
    "failures": 1,
    "start": "2023-08-02T05:49:54.518Z",
    "end": "2023-08-02T05:50:13.608Z",
    "duration": 19090,
    "testsRegistered": 1,
    "passPercent": 0,
    "pendingPercent": 0,
    "other": 0,
    "hasOther": false,
    "skipped": 0,
    "hasSkipped": false
  },
  "results": [
    {
      "uuid": "c281a024-d15b-41f8-889f-cf42bf3a9429",
      "title": "",
      "fullFile": "cypress\\e2e\\open google.cy.js",
      "file": "cypress\\e2e\\open google.cy.js",
      "beforeHooks": [],
      "afterHooks": [],
      "tests": [
        {
          "title": "open google",
          "fullTitle": "open google",
          "timedOut": null,
          "duration": 16570,
          "state": "failed",
          "speed": null,
          "pass": false,
          "fail": true,
          "pending": false,
          "context": null,
          "code": "//navigate to url\ncy.visit('https://google.com');\n//wait for 2 sec\ncy.wait(2000);\n//locate the textbox and type the value\ncy.get('#APjFqb').type('Capgemini');\ncy.wait(2000);\n//locate and click\ncy.contains('Google Search').click();\ncy.wait(2000);\ncy.get('.g > :nth-child(1) > [jscontroller=\"SC7lYd\"] > .GLI8Bc > .jGGQ5e > .yuRUbf > a > .LC20lb').click();",
          "err": {
            "message": "AssertionError: Timed out retrying after 2000ms: Expected to find element: `.g > :nth-child(1) > [jscontroller=\"SC7lYd\"] > .GLI8Bc > .jGGQ5e > .yuRUbf > a > .LC20lb`, but never found it.",
            "estack": "AssertionError: Timed out retrying after 2000ms: Expected to find element: `.g > :nth-child(1) > [jscontroller=\"SC7lYd\"] > .GLI8Bc > .jGGQ5e > .yuRUbf > a > .LC20lb`, but never found it.\n    at Context.eval (webpack:///./cypress/e2e/open google.cy.js:15:7)",
            "diff": null
          },
          "uuid": "2564f522-a05b-4b92-b9cb-df1b11299d4e",
          "parentUUID": "c281a024-d15b-41f8-889f-cf42bf3a9429",
          "isHook": false,
          "skipped": false
        }
      ],
      "suites": [],
      "passes": [],
      "failures": [
        "2564f522-a05b-4b92-b9cb-df1b11299d4e"
      ],
      "pending": [],
      "skipped": [],
      "duration": 16570,
      "root": true,
      "rootEmpty": false,
      "_timeout": 2000
    }
  ],
  "meta": {
    "mocha": {
      "version": "7.0.1"
    },
    "mochawesome": {
      "options": {
        "quiet": false,
        "reportFilename": "mochawesome",
        "saveHtml": false,
        "saveJson": true,
        "consoleReporter": "spec",
        "useInlineDiffs": false,
        "code": true
      },
      "version": "7.1.3"
    },
    "marge": {
      "options": {
        "charts": true,
        "overwrite": false,
        "html": false,
        "json": true,
        "reportDir": "cypress/report/mochawesome-report"
      },
      "version": "6.2.0"
    }
  }
}