{
  "stats": {
    "suites": 0,
    "tests": 1,
    "passes": 1,
    "pending": 0,
    "failures": 0,
    "start": "2023-08-28T05:38:04.101Z",
    "end": "2023-08-28T05:38:15.402Z",
    "duration": 11301,
    "testsRegistered": 1,
    "passPercent": 100,
    "pendingPercent": 0,
    "other": 0,
    "hasOther": false,
    "skipped": 0,
    "hasSkipped": false
  },
  "results": [
    {
      "uuid": "d0cab28f-41b8-445a-8be9-57c5802ab0b2",
      "title": "",
      "fullFile": "cypress\\e2e\\login.cy.js",
      "file": "cypress\\e2e\\login.cy.js",
      "beforeHooks": [],
      "afterHooks": [],
      "tests": [
        {
          "title": "page",
          "fullTitle": "page",
          "timedOut": null,
          "duration": 7236,
          "state": "passed",
          "speed": "medium",
          "pass": true,
          "fail": false,
          "pending": false,
          "context": null,
          "code": "cy.visit('https://opensource-demo.orangehrmlive.com/');\n//invoking methods in the class\nln.enterUserName('Admin');\nln.enterPassword('admin123');\nln.clicklogin();",
          "err": {},
          "uuid": "5e0868a1-edc8-491b-9935-c066cc75d833",
          "parentUUID": "d0cab28f-41b8-445a-8be9-57c5802ab0b2",
          "isHook": false,
          "skipped": false
        }
      ],
      "suites": [],
      "passes": [
        "5e0868a1-edc8-491b-9935-c066cc75d833"
      ],
      "failures": [],
      "pending": [],
      "skipped": [],
      "duration": 7236,
      "root": true,
      "rootEmpty": false,
      "_timeout": 2000
    }
  ],
  "meta": {
    "mocha": {
      "version": "7.0.1"
    },
    "mochawesome": {
      "options": {
        "quiet": false,
        "reportFilename": "mochawesome",
        "saveHtml": false,
        "saveJson": true,
        "consoleReporter": "spec",
        "useInlineDiffs": false,
        "code": true
      },
      "version": "7.1.3"
    },
    "marge": {
      "options": {
        "charts": true,
        "overwrite": false,
        "html": false,
        "json": true,
        "reportDir": "cypress/report/mochawesome-report"
      },
      "version": "6.2.0"
    }
  }
}