{
  "stats": {
    "suites": 1,
    "tests": 1,
    "passes": 1,
    "pending": 0,
    "failures": 0,
    "start": "2023-08-28T05:39:14.326Z",
    "end": "2023-08-28T05:39:38.506Z",
    "duration": 24180,
    "testsRegistered": 1,
    "passPercent": 100,
    "pendingPercent": 0,
    "other": 0,
    "hasOther": false,
    "skipped": 0,
    "hasSkipped": false
  },
  "results": [
    {
      "uuid": "653a9ad4-d1b8-49da-8e0a-377dccace443",
      "title": "",
      "fullFile": "cypress\\e2e\\scroll the page.cy.js",
      "file": "cypress\\e2e\\scroll the page.cy.js",
      "beforeHooks": [],
      "afterHooks": [],
      "tests": [],
      "suites": [
        {
          "uuid": "eb1a3897-aaef-4342-beb9-d5aa026f38d2",
          "title": "Amazon",
          "fullFile": "",
          "file": "",
          "beforeHooks": [],
          "afterHooks": [],
          "tests": [
            {
              "title": "scroll the page",
              "fullTitle": "Amazon scroll the page",
              "timedOut": null,
              "duration": 18183,
              "state": "passed",
              "speed": "slow",
              "pass": true,
              "fail": false,
              "pending": false,
              "context": null,
              "code": "cy.get('#searchDropdownBox').select('Electronics', {\n  force: true\n});\ncy.get('#twotabsearchtextbox').type('Hp laptop');\ncy.get('#nav-search-submit-button').click();\n//>>>>>>>>>>>>>>>>>>>> COLLECTION <<<<<<<<<<<<<<<<<<<<<<\n//get the collection of elements and store that into 'products'\ncy.get('[data-component-type=\"s-product-image\"]').as('products');\n//>>>>>>>>>>>>>>>>>>>> GET TEXT <<<<<<<<<<<<<<<<<<<<<<\n//in that products get the element at index number 3\n//eq() -- select the element fron the collection\n//invoke('text') -- get the text\n//then(producttext) -- save that text into the variable 'producttext'\ncy.get('@products').eq(3).invoke('text').then(producttext => {\n  //print the text\n  cy.log(producttext);\n});\n//>>>>>>>>>>>>>>>>>>>> EACH <<<<<<<<<<<<<<<<<<<<<<\ncy.get('@products').each(($el, index, $list) => {\n  //$el -- wrapped jQuery element\n  //index -- index\n  //$list -- collection\n  cy.log('Index ' + index + 'and the product is ' + $el.text());\n});\n//>>>>>>>>>>>>>>>>>>>> SCROLL <<<<<<<<<<<<<<<<<<<<<<\ncy.get('@products').each(($el, index, $list) => {\n  //scroll the page\n  cy.wrap($el).scrollIntoView();\n});",
              "err": {},
              "uuid": "9083d44a-6fe8-4c98-bc3f-aa74f53a1252",
              "parentUUID": "eb1a3897-aaef-4342-beb9-d5aa026f38d2",
              "isHook": false,
              "skipped": false
            }
          ],
          "suites": [],
          "passes": [
            "9083d44a-6fe8-4c98-bc3f-aa74f53a1252"
          ],
          "failures": [],
          "pending": [],
          "skipped": [],
          "duration": 18183,
          "root": false,
          "rootEmpty": false,
          "_timeout": 2000
        }
      ],
      "passes": [],
      "failures": [],
      "pending": [],
      "skipped": [],
      "duration": 0,
      "root": true,
      "rootEmpty": true,
      "_timeout": 2000
    }
  ],
  "meta": {
    "mocha": {
      "version": "7.0.1"
    },
    "mochawesome": {
      "options": {
        "quiet": false,
        "reportFilename": "mochawesome",
        "saveHtml": false,
        "saveJson": true,
        "consoleReporter": "spec",
        "useInlineDiffs": false,
        "code": true
      },
      "version": "7.1.3"
    },
    "marge": {
      "options": {
        "charts": true,
        "overwrite": false,
        "html": false,
        "json": true,
        "reportDir": "cypress/report/mochawesome-report"
      },
      "version": "6.2.0"
    }
  }
}