{
  "stats": {
    "suites": 0,
    "tests": 1,
    "passes": 1,
    "pending": 0,
    "failures": 0,
    "start": "2023-08-28T05:36:06.780Z",
    "end": "2023-08-28T05:36:08.117Z",
    "duration": 1337,
    "testsRegistered": 1,
    "passPercent": 100,
    "pendingPercent": 0,
    "other": 0,
    "hasOther": false,
    "skipped": 0,
    "hasSkipped": false
  },
  "results": [
    {
      "uuid": "02e3a01e-8daa-42d0-bd8d-5404e8622f11",
      "title": "",
      "fullFile": "cypress\\e2e\\download file.cy.js",
      "file": "cypress\\e2e\\download file.cy.js",
      "beforeHooks": [],
      "afterHooks": [],
      "tests": [
        {
          "title": "Download file",
          "fullTitle": "Download file",
          "timedOut": null,
          "duration": 1263,
          "state": "passed",
          "speed": "fast",
          "pass": true,
          "fail": false,
          "pending": false,
          "context": null,
          "code": "//https://prod.ucwe.capgemini.com/wp-content/uploads/2022/05/Capgemini.gif - file link\n//mydownloads -- folder name\n//file name and extension\ncy.downloadFile('https://prod.ucwe.capgemini.com/wp-content/uploads/2022/05/Capgemini.gif', 'mydownloads', 'example.jpg');",
          "err": {},
          "uuid": "b88bc254-5094-4e7f-8e36-a4a57f040da9",
          "parentUUID": "02e3a01e-8daa-42d0-bd8d-5404e8622f11",
          "isHook": false,
          "skipped": false
        }
      ],
      "suites": [],
      "passes": [
        "b88bc254-5094-4e7f-8e36-a4a57f040da9"
      ],
      "failures": [],
      "pending": [],
      "skipped": [],
      "duration": 1263,
      "root": true,
      "rootEmpty": false,
      "_timeout": 2000
    }
  ],
  "meta": {
    "mocha": {
      "version": "7.0.1"
    },
    "mochawesome": {
      "options": {
        "quiet": false,
        "reportFilename": "mochawesome",
        "saveHtml": false,
        "saveJson": true,
        "consoleReporter": "spec",
        "useInlineDiffs": false,
        "code": true
      },
      "version": "7.1.3"
    },
    "marge": {
      "options": {
        "charts": true,
        "overwrite": false,
        "html": false,
        "json": true,
        "reportDir": "cypress/report/mochawesome-report"
      },
      "version": "6.2.0"
    }
  }
}