{
  "stats": {
    "suites": 0,
    "tests": 1,
    "passes": 1,
    "pending": 0,
    "failures": 0,
    "start": "2023-08-28T05:39:48.819Z",
    "end": "2023-08-28T05:39:55.263Z",
    "duration": 6444,
    "testsRegistered": 1,
    "passPercent": 100,
    "pendingPercent": 0,
    "other": 0,
    "hasOther": false,
    "skipped": 0,
    "hasSkipped": false
  },
  "results": [
    {
      "uuid": "04dcfd32-b2ca-46d7-b5dc-515828f7d9e3",
      "title": "",
      "fullFile": "cypress\\e2e\\upload file.cy.js",
      "file": "cypress\\e2e\\upload file.cy.js",
      "beforeHooks": [],
      "afterHooks": [],
      "tests": [
        {
          "title": "upload file",
          "fullTitle": "upload file",
          "timedOut": null,
          "duration": 940,
          "state": "passed",
          "speed": "fast",
          "pass": true,
          "fail": false,
          "pending": false,
          "context": null,
          "code": "cy.visit('https://trytestingthis.netlify.app/');\n//file from fixtures folder, so we directly give the name of the file\ncy.get('#myfile').attachFile('example.json');",
          "err": {},
          "uuid": "1b958cee-e5d3-44a0-9527-1701800fa191",
          "parentUUID": "04dcfd32-b2ca-46d7-b5dc-515828f7d9e3",
          "isHook": false,
          "skipped": false
        }
      ],
      "suites": [],
      "passes": [
        "1b958cee-e5d3-44a0-9527-1701800fa191"
      ],
      "failures": [],
      "pending": [],
      "skipped": [],
      "duration": 940,
      "root": true,
      "rootEmpty": false,
      "_timeout": 2000
    }
  ],
  "meta": {
    "mocha": {
      "version": "7.0.1"
    },
    "mochawesome": {
      "options": {
        "quiet": false,
        "reportFilename": "mochawesome",
        "saveHtml": false,
        "saveJson": true,
        "consoleReporter": "spec",
        "useInlineDiffs": false,
        "code": true
      },
      "version": "7.1.3"
    },
    "marge": {
      "options": {
        "charts": true,
        "overwrite": false,
        "html": false,
        "json": true,
        "reportDir": "cypress/report/mochawesome-report"
      },
      "version": "6.2.0"
    }
  }
}