{
  "stats": {
    "suites": 1,
    "tests": 2,
    "passes": 1,
    "pending": 0,
    "failures": 1,
    "start": "2023-08-02T06:40:40.949Z",
    "end": "2023-08-02T06:40:54.577Z",
    "duration": 13628,
    "testsRegistered": 2,
    "passPercent": 50,
    "pendingPercent": 0,
    "other": 0,
    "hasOther": false,
    "skipped": 0,
    "hasSkipped": false
  },
  "results": [
    {
      "uuid": "638b29ac-8e2e-4a7e-acb4-a3669ab3aa69",
      "title": "",
      "fullFile": "cypress\\e2e\\before each.cy.js",
      "file": "cypress\\e2e\\before each.cy.js",
      "beforeHooks": [],
      "afterHooks": [],
      "tests": [],
      "suites": [
        {
          "uuid": "db136e7a-f497-4aac-b8c4-162d6f170614",
          "title": "PositiveAndNegative",
          "fullFile": "",
          "file": "",
          "beforeHooks": [],
          "afterHooks": [],
          "tests": [
            {
              "title": "login 1",
              "fullTitle": "PositiveAndNegative login 1",
              "timedOut": null,
              "duration": 5174,
              "state": "passed",
              "speed": "medium",
              "pass": true,
              "fail": false,
              "pending": false,
              "context": null,
              "code": "//invoking methods in the class\nln.enterUserName('Admin');\nln.enterPassword('admin123');\nln.clicklogin();\ncy.get('.oxd-userdropdown-name').click();",
              "err": {},
              "uuid": "c3d3638d-fef8-4c2f-bf05-5d590acaf7db",
              "parentUUID": "db136e7a-f497-4aac-b8c4-162d6f170614",
              "isHook": false,
              "skipped": false
            },
            {
              "title": "login 2",
              "fullTitle": "PositiveAndNegative login 2",
              "timedOut": null,
              "duration": 5157,
              "state": "failed",
              "speed": null,
              "pass": false,
              "fail": true,
              "pending": false,
              "context": null,
              "code": "ln.enterUserName('Admin123');\nln.enterPassword('admin123');\nln.clicklogin();\ncy.get('.oxd-userdropdown-name').click();",
              "err": {
                "message": "AssertionError: Timed out retrying after 2000ms: Expected to find element: `.oxd-userdropdown-name`, but never found it.",
                "estack": "AssertionError: Timed out retrying after 2000ms: Expected to find element: `.oxd-userdropdown-name`, but never found it.\n    at Context.eval (webpack:///./cypress/e2e/before each.cy.js:22:7)",
                "diff": null
              },
              "uuid": "f2bd1d06-970b-408c-bb6e-0be80defcfe3",
              "parentUUID": "db136e7a-f497-4aac-b8c4-162d6f170614",
              "isHook": false,
              "skipped": false
            }
          ],
          "suites": [],
          "passes": [
            "c3d3638d-fef8-4c2f-bf05-5d590acaf7db"
          ],
          "failures": [
            "f2bd1d06-970b-408c-bb6e-0be80defcfe3"
          ],
          "pending": [],
          "skipped": [],
          "duration": 10331,
          "root": false,
          "rootEmpty": false,
          "_timeout": 2000
        }
      ],
      "passes": [],
      "failures": [],
      "pending": [],
      "skipped": [],
      "duration": 0,
      "root": true,
      "rootEmpty": true,
      "_timeout": 2000
    }
  ],
  "meta": {
    "mocha": {
      "version": "7.0.1"
    },
    "mochawesome": {
      "options": {
        "quiet": false,
        "reportFilename": "mochawesome",
        "saveHtml": false,
        "saveJson": true,
        "consoleReporter": "spec",
        "useInlineDiffs": false,
        "code": true
      },
      "version": "7.1.3"
    },
    "marge": {
      "options": {
        "charts": true,
        "overwrite": false,
        "html": false,
        "json": true,
        "reportDir": "cypress/report/mochawesome-report"
      },
      "version": "6.2.0"
    }
  }
}