{
  "stats": {
    "suites": 0,
    "tests": 1,
    "passes": 1,
    "pending": 0,
    "failures": 0,
    "start": "2023-08-28T05:36:32.531Z",
    "end": "2023-08-28T05:36:40.131Z",
    "duration": 7600,
    "testsRegistered": 1,
    "passPercent": 100,
    "pendingPercent": 0,
    "other": 0,
    "hasOther": false,
    "skipped": 0,
    "hasSkipped": false
  },
  "results": [
    {
      "uuid": "cf79c583-d892-4557-9a06-97ed948c6f71",
      "title": "",
      "fullFile": "cypress\\e2e\\dropdown.cy.js",
      "file": "cypress\\e2e\\dropdown.cy.js",
      "beforeHooks": [],
      "afterHooks": [],
      "tests": [
        {
          "title": "dropdown",
          "fullTitle": "dropdown",
          "timedOut": null,
          "duration": 2555,
          "state": "passed",
          "speed": "fast",
          "pass": true,
          "fail": false,
          "pending": false,
          "context": null,
          "code": "cy.visit('http://register.rediff.com/register/register.php?FormName=user_details');\ncy.get('#country').select('Australia');",
          "err": {},
          "uuid": "f25c6924-0bd8-42e6-bcf5-7f74c354eeaf",
          "parentUUID": "cf79c583-d892-4557-9a06-97ed948c6f71",
          "isHook": false,
          "skipped": false
        }
      ],
      "suites": [],
      "passes": [
        "f25c6924-0bd8-42e6-bcf5-7f74c354eeaf"
      ],
      "failures": [],
      "pending": [],
      "skipped": [],
      "duration": 2555,
      "root": true,
      "rootEmpty": false,
      "_timeout": 2000
    }
  ],
  "meta": {
    "mocha": {
      "version": "7.0.1"
    },
    "mochawesome": {
      "options": {
        "quiet": false,
        "reportFilename": "mochawesome",
        "saveHtml": false,
        "saveJson": true,
        "consoleReporter": "spec",
        "useInlineDiffs": false,
        "code": true
      },
      "version": "7.1.3"
    },
    "marge": {
      "options": {
        "charts": true,
        "overwrite": false,
        "html": false,
        "json": true,
        "reportDir": "cypress/report/mochawesome-report"
      },
      "version": "6.2.0"
    }
  }
}