{
  "stats": {
    "suites": 0,
    "tests": 1,
    "passes": 0,
    "pending": 0,
    "failures": 1,
    "start": "2023-08-02T06:41:26.526Z",
    "end": "2023-08-02T06:41:26.886Z",
    "duration": 360,
    "testsRegistered": 1,
    "passPercent": 0,
    "pendingPercent": 0,
    "other": 0,
    "hasOther": false,
    "skipped": 0,
    "hasSkipped": false
  },
  "results": [
    {
      "uuid": "e06e53ad-dd23-448d-b9bf-1bb4e44035a6",
      "title": "",
      "fullFile": "cypress\\e2e\\dropdown.cy.js",
      "file": "cypress\\e2e\\dropdown.cy.js",
      "beforeHooks": [],
      "afterHooks": [],
      "tests": [
        {
          "title": "dropdown",
          "fullTitle": "dropdown",
          "timedOut": null,
          "duration": 289,
          "state": "failed",
          "speed": null,
          "pass": false,
          "fail": true,
          "pending": false,
          "context": null,
          "code": "cy.visit('http://register.rediff.com/register/register.php?FormName=user_details');\ncy.get('#country').select('Australia');",
          "err": {
            "message": "CypressError: `cy.visit()` failed trying to load:\n\nhttp://register.rediff.com/register/register.php?FormName=user_details\n\nThe response we received from your web server was:\n\n  > 401: Unauthorized\n\nThis was considered a failure because the status code was not `2xx`.\n\nThis http request was redirected '1' time to:\n\n  - 303: https://chn1fw.corp.capgemini.com:7831/XX/YY/ZZ/cpauth?scheme=http&4Tmthd=0&host=register.rediff.com&port=80&uri=L3JlZ2lzdGVyL3JlZ2lzdGVyLnBocD9Gb3JtTmFtZT11c2VyX2RldGFpbHM=&\n\nIf you do not want status codes to cause failures pass the option: `failOnStatusCode: false`",
            "estack": "CypressError: `cy.visit()` failed trying to load:\n\nhttp://register.rediff.com/register/register.php?FormName=user_details\n\nThe response we received from your web server was:\n\n  > 401: Unauthorized\n\nThis was considered a failure because the status code was not `2xx`.\n\nThis http request was redirected '1' time to:\n\n  - 303: https://chn1fw.corp.capgemini.com:7831/XX/YY/ZZ/cpauth?scheme=http&4Tmthd=0&host=register.rediff.com&port=80&uri=L3JlZ2lzdGVyL3JlZ2lzdGVyLnBocD9Gb3JtTmFtZT11c2VyX2RldGFpbHM=&\n\nIf you do not want status codes to cause failures pass the option: `failOnStatusCode: false`\n    at <unknown> (http://localhost:60725/__cypress/runner/cypress_runner.js:147817:84)\n    at visitFailedByErr (http://localhost:60725/__cypress/runner/cypress_runner.js:147225:12)\n    at <unknown> (http://localhost:60725/__cypress/runner/cypress_runner.js:147800:13)\n    at tryCatcher (http://localhost:60725/__cypress/runner/cypress_runner.js:18744:23)\n    at Promise._settlePromiseFromHandler (http://localhost:60725/__cypress/runner/cypress_runner.js:16679:31)\n    at Promise._settlePromise (http://localhost:60725/__cypress/runner/cypress_runner.js:16736:18)\n    at Promise._settlePromise0 (http://localhost:60725/__cypress/runner/cypress_runner.js:16781:10)\n    at Promise._settlePromises (http://localhost:60725/__cypress/runner/cypress_runner.js:16857:18)\n    at _drainQueueStep (http://localhost:60725/__cypress/runner/cypress_runner.js:13451:12)\n    at _drainQueue (http://localhost:60725/__cypress/runner/cypress_runner.js:13444:9)\n    at ../../node_modules/bluebird/js/release/async.js.Async._drainQueues (http://localhost:60725/__cypress/runner/cypress_runner.js:13460:5)\n    at Async.drainQueues (http://localhost:60725/__cypress/runner/cypress_runner.js:13330:14)\nFrom Your Spec Code:\n    at Context.eval (webpack:///./cypress/e2e/dropdown.cy.js:4:7)",
            "diff": null
          },
          "uuid": "bd835da1-3b2b-4f6e-92b2-5d1a6b5de77b",
          "parentUUID": "e06e53ad-dd23-448d-b9bf-1bb4e44035a6",
          "isHook": false,
          "skipped": false
        }
      ],
      "suites": [],
      "passes": [],
      "failures": [
        "bd835da1-3b2b-4f6e-92b2-5d1a6b5de77b"
      ],
      "pending": [],
      "skipped": [],
      "duration": 289,
      "root": true,
      "rootEmpty": false,
      "_timeout": 2000
    }
  ],
  "meta": {
    "mocha": {
      "version": "7.0.1"
    },
    "mochawesome": {
      "options": {
        "quiet": false,
        "reportFilename": "mochawesome",
        "saveHtml": false,
        "saveJson": true,
        "consoleReporter": "spec",
        "useInlineDiffs": false,
        "code": true
      },
      "version": "7.1.3"
    },
    "marge": {
      "options": {
        "charts": true,
        "overwrite": false,
        "html": false,
        "json": true,
        "reportDir": "cypress/report/mochawesome-report"
      },
      "version": "6.2.0"
    }
  }
}