{
  "stats": {
    "suites": 1,
    "tests": 2,
    "passes": 1,
    "pending": 0,
    "failures": 1,
    "start": "2023-08-02T06:41:46.382Z",
    "end": "2023-08-02T06:41:59.627Z",
    "duration": 13245,
    "testsRegistered": 2,
    "passPercent": 50,
    "pendingPercent": 0,
    "other": 0,
    "hasOther": false,
    "skipped": 0,
    "hasSkipped": false
  },
  "results": [
    {
      "uuid": "e52e45c1-c2a1-4ab4-bdba-0d20124c268a",
      "title": "",
      "fullFile": "cypress\\e2e\\group the test.cy.js",
      "file": "cypress\\e2e\\group the test.cy.js",
      "beforeHooks": [],
      "afterHooks": [],
      "tests": [],
      "suites": [
        {
          "uuid": "776449c6-8618-45c0-9899-0b371fa4b1ba",
          "title": "PositiveAndNegative",
          "fullFile": "",
          "file": "",
          "beforeHooks": [],
          "afterHooks": [],
          "tests": [
            {
              "title": "login 1",
              "fullTitle": "PositiveAndNegative login 1",
              "timedOut": null,
              "duration": 5356,
              "state": "passed",
              "speed": "medium",
              "pass": true,
              "fail": false,
              "pending": false,
              "context": null,
              "code": "cy.visit('https://opensource-demo.orangehrmlive.com/');\n//invoking methods in the class\nln.enterUserName('Admin');\nln.enterPassword('admin123');\nln.clicklogin();\ncy.get('.oxd-userdropdown-name').click();",
              "err": {},
              "uuid": "45e62bd5-ea0e-4d55-bea2-3a5ec08f19d8",
              "parentUUID": "776449c6-8618-45c0-9899-0b371fa4b1ba",
              "isHook": false,
              "skipped": false
            },
            {
              "title": "login 2",
              "fullTitle": "PositiveAndNegative login 2",
              "timedOut": null,
              "duration": 5115,
              "state": "failed",
              "speed": null,
              "pass": false,
              "fail": true,
              "pending": false,
              "context": null,
              "code": "cy.visit('https://opensource-demo.orangehrmlive.com/');\nln.enterUserName('Admin123');\nln.enterPassword('admin123');\nln.clicklogin();\ncy.get('.oxd-userdropdown-name').click();",
              "err": {
                "message": "AssertionError: Timed out retrying after 2000ms: Expected to find element: `.oxd-userdropdown-name`, but never found it.",
                "estack": "AssertionError: Timed out retrying after 2000ms: Expected to find element: `.oxd-userdropdown-name`, but never found it.\n    at Context.eval (webpack:///./cypress/e2e/group the test.cy.js:25:7)",
                "diff": null
              },
              "uuid": "8419fbb0-6969-4982-b0f3-c58879a3e4d2",
              "parentUUID": "776449c6-8618-45c0-9899-0b371fa4b1ba",
              "isHook": false,
              "skipped": false
            }
          ],
          "suites": [],
          "passes": [
            "45e62bd5-ea0e-4d55-bea2-3a5ec08f19d8"
          ],
          "failures": [
            "8419fbb0-6969-4982-b0f3-c58879a3e4d2"
          ],
          "pending": [],
          "skipped": [],
          "duration": 10471,
          "root": false,
          "rootEmpty": false,
          "_timeout": 2000
        }
      ],
      "passes": [],
      "failures": [],
      "pending": [],
      "skipped": [],
      "duration": 0,
      "root": true,
      "rootEmpty": true,
      "_timeout": 2000
    }
  ],
  "meta": {
    "mocha": {
      "version": "7.0.1"
    },
    "mochawesome": {
      "options": {
        "quiet": false,
        "reportFilename": "mochawesome",
        "saveHtml": false,
        "saveJson": true,
        "consoleReporter": "spec",
        "useInlineDiffs": false,
        "code": true
      },
      "version": "7.1.3"
    },
    "marge": {
      "options": {
        "charts": true,
        "overwrite": false,
        "html": false,
        "json": true,
        "reportDir": "cypress/report/mochawesome-report"
      },
      "version": "6.2.0"
    }
  }
}