{
  "stats": {
    "suites": 1,
    "tests": 2,
    "passes": 1,
    "pending": 0,
    "failures": 1,
    "start": "2023-08-02T05:47:55.678Z",
    "end": "2023-08-02T05:48:12.080Z",
    "duration": 16402,
    "testsRegistered": 2,
    "passPercent": 50,
    "pendingPercent": 0,
    "other": 0,
    "hasOther": false,
    "skipped": 0,
    "hasSkipped": false
  },
  "results": [
    {
      "uuid": "989ab7d3-14a7-4cbe-943c-30bcf831f40f",
      "title": "",
      "fullFile": "cypress\\e2e\\before each.cy.js",
      "file": "cypress\\e2e\\before each.cy.js",
      "beforeHooks": [],
      "afterHooks": [],
      "tests": [],
      "suites": [
        {
          "uuid": "7356f085-e1de-41b6-9178-6de82e4f86c9",
          "title": "PositiveAndNegative",
          "fullFile": "",
          "file": "",
          "beforeHooks": [],
          "afterHooks": [],
          "tests": [
            {
              "title": "login 1",
              "fullTitle": "PositiveAndNegative login 1",
              "timedOut": null,
              "duration": 7387,
              "state": "passed",
              "speed": "medium",
              "pass": true,
              "fail": false,
              "pending": false,
              "context": null,
              "code": "//invoking methods in the class\nln.enterUserName('Admin');\nln.enterPassword('admin123');\nln.clicklogin();\ncy.get('.oxd-userdropdown-name').click();",
              "err": {},
              "uuid": "cbfd2734-79a1-4293-b992-c95267fb06cc",
              "parentUUID": "7356f085-e1de-41b6-9178-6de82e4f86c9",
              "isHook": false,
              "skipped": false
            },
            {
              "title": "login 2",
              "fullTitle": "PositiveAndNegative login 2",
              "timedOut": null,
              "duration": 5567,
              "state": "failed",
              "speed": null,
              "pass": false,
              "fail": true,
              "pending": false,
              "context": null,
              "code": "ln.enterUserName('Admin123');\nln.enterPassword('admin123');\nln.clicklogin();\ncy.get('.oxd-userdropdown-name').click();",
              "err": {
                "message": "AssertionError: Timed out retrying after 2000ms: Expected to find element: `.oxd-userdropdown-name`, but never found it.",
                "estack": "AssertionError: Timed out retrying after 2000ms: Expected to find element: `.oxd-userdropdown-name`, but never found it.\n    at Context.eval (webpack:///./cypress/e2e/before each.cy.js:22:7)",
                "diff": null
              },
              "uuid": "b661f2c8-1283-42b8-87d8-9a1a9e56e49d",
              "parentUUID": "7356f085-e1de-41b6-9178-6de82e4f86c9",
              "isHook": false,
              "skipped": false
            }
          ],
          "suites": [],
          "passes": [
            "cbfd2734-79a1-4293-b992-c95267fb06cc"
          ],
          "failures": [
            "b661f2c8-1283-42b8-87d8-9a1a9e56e49d"
          ],
          "pending": [],
          "skipped": [],
          "duration": 12954,
          "root": false,
          "rootEmpty": false,
          "_timeout": 2000
        }
      ],
      "passes": [],
      "failures": [],
      "pending": [],
      "skipped": [],
      "duration": 0,
      "root": true,
      "rootEmpty": true,
      "_timeout": 2000
    }
  ],
  "meta": {
    "mocha": {
      "version": "7.0.1"
    },
    "mochawesome": {
      "options": {
        "quiet": false,
        "reportFilename": "mochawesome",
        "saveHtml": false,
        "saveJson": true,
        "consoleReporter": "spec",
        "useInlineDiffs": false,
        "code": true
      },
      "version": "7.1.3"
    },
    "marge": {
      "options": {
        "charts": true,
        "overwrite": false,
        "html": false,
        "json": true,
        "reportDir": "cypress/report/mochawesome-report"
      },
      "version": "6.2.0"
    }
  }
}