{
  "stats": {
    "suites": 0,
    "tests": 1,
    "passes": 1,
    "pending": 0,
    "failures": 0,
    "start": "2023-08-28T05:39:08.696Z",
    "end": "2023-08-28T05:39:08.956Z",
    "duration": 260,
    "testsRegistered": 1,
    "passPercent": 100,
    "pendingPercent": 0,
    "other": 0,
    "hasOther": false,
    "skipped": 0,
    "hasSkipped": false
  },
  "results": [
    {
      "uuid": "c0c4bfb7-2ab4-4d7d-8da8-ce4ce713c811",
      "title": "",
      "fullFile": "cypress\\e2e\\read file using readfile method.cy.js",
      "file": "cypress\\e2e\\read file using readfile method.cy.js",
      "beforeHooks": [],
      "afterHooks": [],
      "tests": [
        {
          "title": "Read file using readfile()",
          "fullTitle": "Read file using readfile()",
          "timedOut": null,
          "duration": 190,
          "state": "passed",
          "speed": "fast",
          "pass": true,
          "fail": false,
          "pending": false,
          "context": null,
          "code": "//give complete path here\n// data -- variable, that store all the data from the example.json file\ncy.readFile('./cypress/fixtures/example.json').then(data => {\n  cy.log(data.email);\n  cy.log(data.body);\n});",
          "err": {},
          "uuid": "252f3dab-5063-4722-a2b7-70fc8149f21b",
          "parentUUID": "c0c4bfb7-2ab4-4d7d-8da8-ce4ce713c811",
          "isHook": false,
          "skipped": false
        }
      ],
      "suites": [],
      "passes": [
        "252f3dab-5063-4722-a2b7-70fc8149f21b"
      ],
      "failures": [],
      "pending": [],
      "skipped": [],
      "duration": 190,
      "root": true,
      "rootEmpty": false,
      "_timeout": 2000
    }
  ],
  "meta": {
    "mocha": {
      "version": "7.0.1"
    },
    "mochawesome": {
      "options": {
        "quiet": false,
        "reportFilename": "mochawesome",
        "saveHtml": false,
        "saveJson": true,
        "consoleReporter": "spec",
        "useInlineDiffs": false,
        "code": true
      },
      "version": "7.1.3"
    },
    "marge": {
      "options": {
        "charts": true,
        "overwrite": false,
        "html": false,
        "json": true,
        "reportDir": "cypress/report/mochawesome-report"
      },
      "version": "6.2.0"
    }
  }
}