{
  "stats": {
    "suites": 1,
    "tests": 1,
    "passes": 0,
    "pending": 0,
    "failures": 1,
    "start": "2023-08-02T06:41:22.135Z",
    "end": "2023-08-02T06:41:22.503Z",
    "duration": 368,
    "testsRegistered": 1,
    "passPercent": 0,
    "pendingPercent": 0,
    "other": 0,
    "hasOther": false,
    "skipped": 0,
    "hasSkipped": false
  },
  "results": [
    {
      "uuid": "5274ca08-e7ec-4bb1-9a74-7e29e97e0f5e",
      "title": "",
      "fullFile": "cypress\\e2e\\drag and drop with iframe.cy.js",
      "file": "cypress\\e2e\\drag and drop with iframe.cy.js",
      "beforeHooks": [],
      "afterHooks": [],
      "tests": [],
      "suites": [
        {
          "uuid": "bf10c06d-4777-465c-80d4-b4b58c4e93bc",
          "title": "JqueryUi",
          "fullFile": "",
          "file": "",
          "beforeHooks": [],
          "afterHooks": [],
          "tests": [
            {
              "title": "Drag and Drop with Iframe",
              "fullTitle": "JqueryUi Drag and Drop with Iframe",
              "timedOut": null,
              "duration": 297,
              "state": "failed",
              "speed": null,
              "pass": false,
              "fail": true,
              "pending": false,
              "context": null,
              "code": "//get the iframe and store into $frame \ncy.get('.demo-frame').then($frame => {\n  //find the body of iframe and store into variable \"body\"\n  const body = $frame.contents().find('body');\n  //$frame is a jquery, convert this into cypress using -- cy.wrap()\n  //alias draggable as source -- as.('source)\n  cy.wrap(body).find('#draggable').as('source');\n  //alias droppable as target -- as.('source)\n  cy.wrap(body).find('#droppable').as('target');\n});\n//trigger -- used for mouse events\n//mousedown -- right click, {which:1} -- click at center\ncy.get('@source').trigger('mousedown', {\n  which: 1\n});\n//mousemove -- move the mouse, mouseup -- release the mouse\ncy.get('@target').trigger('mousemove', {\n  which: 1\n}).trigger('mouseup', {\n  force: true\n});",
              "err": {
                "message": "CypressError: `cy.visit()` failed trying to load:\n\nhttps://jqueryui.com/droppable/\n\nThe response we received from your web server was:\n\n  > 401: Unauthorized\n\nThis was considered a failure because the status code was not `2xx`.\n\nThis http request was redirected '1' time to:\n\n  - 303: https://chn1fw.corp.capgemini.com:7831/XX/YY/ZZ/cpauth?scheme=https&4Tmthd=0&host=jqueryui.com&port=443&uri=L2Ryb3BwYWJsZS8=&\n\nIf you do not want status codes to cause failures pass the option: `failOnStatusCode: false`\n\nBecause this error occurred during a `before each` hook we are skipping the remaining tests in the current suite: `JqueryUi`",
                "estack": "CypressError: `cy.visit()` failed trying to load:\n\nhttps://jqueryui.com/droppable/\n\nThe response we received from your web server was:\n\n  > 401: Unauthorized\n\nThis was considered a failure because the status code was not `2xx`.\n\nThis http request was redirected '1' time to:\n\n  - 303: https://chn1fw.corp.capgemini.com:7831/XX/YY/ZZ/cpauth?scheme=https&4Tmthd=0&host=jqueryui.com&port=443&uri=L2Ryb3BwYWJsZS8=&\n\nIf you do not want status codes to cause failures pass the option: `failOnStatusCode: false`\n\nBecause this error occurred during a `before each` hook we are skipping the remaining tests in the current suite: `JqueryUi`\n    at <unknown> (http://localhost:60725/__cypress/runner/cypress_runner.js:147817:84)\n    at visitFailedByErr (http://localhost:60725/__cypress/runner/cypress_runner.js:147225:12)\n    at <unknown> (http://localhost:60725/__cypress/runner/cypress_runner.js:147800:13)\n    at tryCatcher (http://localhost:60725/__cypress/runner/cypress_runner.js:18744:23)\n    at Promise._settlePromiseFromHandler (http://localhost:60725/__cypress/runner/cypress_runner.js:16679:31)\n    at Promise._settlePromise (http://localhost:60725/__cypress/runner/cypress_runner.js:16736:18)\n    at Promise._settlePromise0 (http://localhost:60725/__cypress/runner/cypress_runner.js:16781:10)\n    at Promise._settlePromises (http://localhost:60725/__cypress/runner/cypress_runner.js:16857:18)\n    at _drainQueueStep (http://localhost:60725/__cypress/runner/cypress_runner.js:13451:12)\n    at _drainQueue (http://localhost:60725/__cypress/runner/cypress_runner.js:13444:9)\n    at ../../node_modules/bluebird/js/release/async.js.Async._drainQueues (http://localhost:60725/__cypress/runner/cypress_runner.js:13460:5)\n    at Async.drainQueues (http://localhost:60725/__cypress/runner/cypress_runner.js:13330:14)\nFrom Your Spec Code:\n    at Context.eval (webpack:///./cypress/e2e/drag and drop with iframe.cy.js:6:11)",
                "diff": null
              },
              "uuid": "a2706041-d02f-4180-a99e-f12e9f91e9c2",
              "parentUUID": "bf10c06d-4777-465c-80d4-b4b58c4e93bc",
              "isHook": false,
              "skipped": false
            }
          ],
          "suites": [],
          "passes": [],
          "failures": [
            "a2706041-d02f-4180-a99e-f12e9f91e9c2"
          ],
          "pending": [],
          "skipped": [],
          "duration": 297,
          "root": false,
          "rootEmpty": false,
          "_timeout": 2000
        }
      ],
      "passes": [],
      "failures": [],
      "pending": [],
      "skipped": [],
      "duration": 0,
      "root": true,
      "rootEmpty": true,
      "_timeout": 2000
    }
  ],
  "meta": {
    "mocha": {
      "version": "7.0.1"
    },
    "mochawesome": {
      "options": {
        "quiet": false,
        "reportFilename": "mochawesome",
        "saveHtml": false,
        "saveJson": true,
        "consoleReporter": "spec",
        "useInlineDiffs": false,
        "code": true
      },
      "version": "7.1.3"
    },
    "marge": {
      "options": {
        "charts": true,
        "overwrite": false,
        "html": false,
        "json": true,
        "reportDir": "cypress/report/mochawesome-report"
      },
      "version": "6.2.0"
    }
  }
}