{
  "stats": {
    "suites": 1,
    "tests": 3,
    "passes": 2,
    "pending": 1,
    "failures": 0,
    "start": "2023-08-02T05:48:18.004Z",
    "end": "2023-08-02T05:48:31.190Z",
    "duration": 13186,
    "testsRegistered": 3,
    "passPercent": 100,
    "pendingPercent": 33.33333333333333,
    "other": 0,
    "hasOther": false,
    "skipped": 0,
    "hasSkipped": false
  },
  "results": [
    {
      "uuid": "f1c64eee-1ac4-4daa-989f-8ab4d29548d5",
      "title": "",
      "fullFile": "cypress\\e2e\\describe only and skip.cy.js",
      "file": "cypress\\e2e\\describe only and skip.cy.js",
      "beforeHooks": [],
      "afterHooks": [],
      "tests": [],
      "suites": [
        {
          "uuid": "29f91ea1-84c9-4d1f-b852-82afa5971125",
          "title": "PositiveAndNegative",
          "fullFile": "",
          "file": "",
          "beforeHooks": [],
          "afterHooks": [],
          "tests": [
            {
              "title": "login 1",
              "fullTitle": "PositiveAndNegative login 1",
              "timedOut": null,
              "duration": 7198,
              "state": "passed",
              "speed": "medium",
              "pass": true,
              "fail": false,
              "pending": false,
              "context": null,
              "code": "cy.visit('https://opensource-demo.orangehrmlive.com/');\n//invoking methods in the class\nln.enterUserName('Admin');\nln.enterPassword('admin123');\nln.clicklogin();\ncy.get('.oxd-userdropdown-name').click();",
              "err": {},
              "uuid": "587bb19d-88f1-47e7-a572-a8a2732e7004",
              "parentUUID": "29f91ea1-84c9-4d1f-b852-82afa5971125",
              "isHook": false,
              "skipped": false
            },
            {
              "title": "login 2",
              "fullTitle": "PositiveAndNegative login 2",
              "timedOut": null,
              "duration": 3765,
              "state": "passed",
              "speed": "fast",
              "pass": true,
              "fail": false,
              "pending": false,
              "context": null,
              "code": "cy.visit('https://opensource-demo.orangehrmlive.com/');\nln.enterUserName('Admin');\nln.enterPassword('admin123');\nln.clicklogin();\ncy.get('.oxd-userdropdown-name').click();",
              "err": {},
              "uuid": "a06120d8-c494-4113-9eeb-a4491ad40dac",
              "parentUUID": "29f91ea1-84c9-4d1f-b852-82afa5971125",
              "isHook": false,
              "skipped": false
            },
            {
              "title": "login 3",
              "fullTitle": "PositiveAndNegative login 3",
              "timedOut": null,
              "duration": 0,
              "state": "pending",
              "speed": null,
              "pass": false,
              "fail": false,
              "pending": true,
              "context": null,
              "code": "cy.visit('https://opensource-demo.orangehrmlive.com/');\nln.enterUserName('admin123');\nln.enterPassword('admin123');\nln.clicklogin();\ncy.get('.oxd-userdropdown-name').click();",
              "err": {},
              "uuid": "d3a2eb3b-9951-46b9-b80b-e6262a454310",
              "parentUUID": "29f91ea1-84c9-4d1f-b852-82afa5971125",
              "isHook": false,
              "skipped": false
            }
          ],
          "suites": [],
          "passes": [
            "587bb19d-88f1-47e7-a572-a8a2732e7004",
            "a06120d8-c494-4113-9eeb-a4491ad40dac"
          ],
          "failures": [],
          "pending": [
            "d3a2eb3b-9951-46b9-b80b-e6262a454310"
          ],
          "skipped": [],
          "duration": 10963,
          "root": false,
          "rootEmpty": false,
          "_timeout": 2000
        }
      ],
      "passes": [],
      "failures": [],
      "pending": [],
      "skipped": [],
      "duration": 0,
      "root": true,
      "rootEmpty": true,
      "_timeout": 2000
    }
  ],
  "meta": {
    "mocha": {
      "version": "7.0.1"
    },
    "mochawesome": {
      "options": {
        "quiet": false,
        "reportFilename": "mochawesome",
        "saveHtml": false,
        "saveJson": true,
        "consoleReporter": "spec",
        "useInlineDiffs": false,
        "code": true
      },
      "version": "7.1.3"
    },
    "marge": {
      "options": {
        "charts": true,
        "overwrite": false,
        "html": false,
        "json": true,
        "reportDir": "cypress/report/mochawesome-report"
      },
      "version": "6.2.0"
    }
  }
}