{
  "stats": {
    "suites": 0,
    "tests": 1,
    "passes": 1,
    "pending": 0,
    "failures": 0,
    "start": "2023-08-28T05:40:28.005Z",
    "end": "2023-08-28T05:40:28.716Z",
    "duration": 711,
    "testsRegistered": 1,
    "passPercent": 100,
    "pendingPercent": 0,
    "other": 0,
    "hasOther": false,
    "skipped": 0,
    "hasSkipped": false
  },
  "results": [
    {
      "uuid": "dfa1e532-331e-40c7-b53a-6b59bd03a4a3",
      "title": "",
      "fullFile": "cypress\\e2e\\write file.cy.js",
      "file": "cypress\\e2e\\write file.cy.js",
      "beforeHooks": [],
      "afterHooks": [],
      "tests": [
        {
          "title": "Write file",
          "fullTitle": "Write file",
          "timedOut": null,
          "duration": 658,
          "state": "passed",
          "speed": "fast",
          "pass": true,
          "fail": false,
          "pending": false,
          "context": null,
          "code": "// \"\\n\" for move the cursor to next line\ncy.writeFile('writeFileDemo.txt', 'Hello, I am Sundarraj\\n');\n//{flag:'a+'} -- to avoid overwriting the content\n//if we won't give this. It will replace the previous one\ncy.writeFile('writeFileDemo.txt', 'I am testing the write file', {\n  flag: 'a+'\n});\ncy.writeFile('./cypress/fixtures/writeFilesample.txt', 'specify the path of that file to be store');",
          "err": {},
          "uuid": "4569b399-f18c-4bb2-9882-d749d6842b87",
          "parentUUID": "dfa1e532-331e-40c7-b53a-6b59bd03a4a3",
          "isHook": false,
          "skipped": false
        }
      ],
      "suites": [],
      "passes": [
        "4569b399-f18c-4bb2-9882-d749d6842b87"
      ],
      "failures": [],
      "pending": [],
      "skipped": [],
      "duration": 658,
      "root": true,
      "rootEmpty": false,
      "_timeout": 2000
    }
  ],
  "meta": {
    "mocha": {
      "version": "7.0.1"
    },
    "mochawesome": {
      "options": {
        "quiet": false,
        "reportFilename": "mochawesome",
        "saveHtml": false,
        "saveJson": true,
        "consoleReporter": "spec",
        "useInlineDiffs": false,
        "code": true
      },
      "version": "7.1.3"
    },
    "marge": {
      "options": {
        "charts": true,
        "overwrite": false,
        "html": false,
        "json": true,
        "reportDir": "cypress/report/mochawesome-report"
      },
      "version": "6.2.0"
    }
  }
}