{
  "stats": {
    "suites": 0,
    "tests": 1,
    "passes": 1,
    "pending": 0,
    "failures": 0,
    "start": "2023-08-02T05:50:24.290Z",
    "end": "2023-08-02T05:50:24.429Z",
    "duration": 139,
    "testsRegistered": 1,
    "passPercent": 100,
    "pendingPercent": 0,
    "other": 0,
    "hasOther": false,
    "skipped": 0,
    "hasSkipped": false
  },
  "results": [
    {
      "uuid": "87444a59-34b3-4a5b-9e52-d9459cc77ea0",
      "title": "",
      "fullFile": "cypress\\e2e\\read file using readfile method.cy.js",
      "file": "cypress\\e2e\\read file using readfile method.cy.js",
      "beforeHooks": [],
      "afterHooks": [],
      "tests": [
        {
          "title": "Read file using readfile()",
          "fullTitle": "Read file using readfile()",
          "timedOut": null,
          "duration": 101,
          "state": "passed",
          "speed": "fast",
          "pass": true,
          "fail": false,
          "pending": false,
          "context": null,
          "code": "//give complete path here\n// data -- variable, that store all the data from the example.json file\ncy.readFile('./cypress/fixtures/example.json').then(data => {\n  cy.log(data.email);\n  cy.log(data.body);\n});",
          "err": {},
          "uuid": "2addbb68-49bf-4967-8bc8-3ca31b0da322",
          "parentUUID": "87444a59-34b3-4a5b-9e52-d9459cc77ea0",
          "isHook": false,
          "skipped": false
        }
      ],
      "suites": [],
      "passes": [
        "2addbb68-49bf-4967-8bc8-3ca31b0da322"
      ],
      "failures": [],
      "pending": [],
      "skipped": [],
      "duration": 101,
      "root": true,
      "rootEmpty": false,
      "_timeout": 2000
    }
  ],
  "meta": {
    "mocha": {
      "version": "7.0.1"
    },
    "mochawesome": {
      "options": {
        "quiet": false,
        "reportFilename": "mochawesome",
        "saveHtml": false,
        "saveJson": true,
        "consoleReporter": "spec",
        "useInlineDiffs": false,
        "code": true
      },
      "version": "7.1.3"
    },
    "marge": {
      "options": {
        "charts": true,
        "overwrite": false,
        "html": false,
        "json": true,
        "reportDir": "cypress/report/mochawesome-report"
      },
      "version": "6.2.0"
    }
  }
}