{
  "stats": {
    "suites": 1,
    "tests": 2,
    "passes": 2,
    "pending": 0,
    "failures": 0,
    "start": "2023-08-02T05:50:59.515Z",
    "end": "2023-08-02T05:51:18.181Z",
    "duration": 18666,
    "testsRegistered": 2,
    "passPercent": 100,
    "pendingPercent": 0,
    "other": 0,
    "hasOther": false,
    "skipped": 0,
    "hasSkipped": false
  },
  "results": [
    {
      "uuid": "13505685-34d4-4be4-8a6a-430a4f894a60",
      "title": "",
      "fullFile": "cypress\\e2e\\verify the attributes.cy.js",
      "file": "cypress\\e2e\\verify the attributes.cy.js",
      "beforeHooks": [],
      "afterHooks": [],
      "tests": [],
      "suites": [
        {
          "uuid": "ab978f91-8228-4b23-8895-19d47a9a84a5",
          "title": "QATechHub",
          "fullFile": "",
          "file": "",
          "beforeHooks": [],
          "afterHooks": [],
          "tests": [
            {
              "title": "Verify Attributes",
              "fullTitle": "QATechHub Verify Attributes",
              "timedOut": null,
              "duration": 2325,
              "state": "passed",
              "speed": "fast",
              "pass": true,
              "fail": false,
              "pending": false,
              "context": null,
              "code": "//check for that <a> tag contains 'Click here'\ncy.contains('a', 'Click Here').as('button');\n//have.attr -- attribute\ncy.get('@button').should('have.attr', 'href').and('equal', 'https://qatechhub.com');\ncy.get('@button').should('have.attr', 'target').and('equal', '_blank');",
              "err": {},
              "uuid": "2841fe46-0f56-42ed-ae4a-0c3259c84002",
              "parentUUID": "ab978f91-8228-4b23-8895-19d47a9a84a5",
              "isHook": false,
              "skipped": false
            },
            {
              "title": "navigate to target page by remove the target attribute",
              "fullTitle": "QATechHub navigate to target page by remove the target attribute",
              "timedOut": null,
              "duration": 12502,
              "state": "passed",
              "speed": "slow",
              "pass": true,
              "fail": false,
              "pending": false,
              "context": null,
              "code": "cy.contains('a', 'Click Here').as('button');\n//invoke('removeAttr', 'target') -- invoke the remove attribute method\n//target -- give the which attribute you want to remove\ncy.get('@button').invoke('removeAttr', 'target');\n//after removing attribute then navigate to the element\ncy.get('@button').click();",
              "err": {},
              "uuid": "3bb907c6-b273-44d8-9626-609e32fee992",
              "parentUUID": "ab978f91-8228-4b23-8895-19d47a9a84a5",
              "isHook": false,
              "skipped": false
            }
          ],
          "suites": [],
          "passes": [
            "2841fe46-0f56-42ed-ae4a-0c3259c84002",
            "3bb907c6-b273-44d8-9626-609e32fee992"
          ],
          "failures": [],
          "pending": [],
          "skipped": [],
          "duration": 14827,
          "root": false,
          "rootEmpty": false,
          "_timeout": 2000
        }
      ],
      "passes": [],
      "failures": [],
      "pending": [],
      "skipped": [],
      "duration": 0,
      "root": true,
      "rootEmpty": true,
      "_timeout": 2000
    }
  ],
  "meta": {
    "mocha": {
      "version": "7.0.1"
    },
    "mochawesome": {
      "options": {
        "quiet": false,
        "reportFilename": "mochawesome",
        "saveHtml": false,
        "saveJson": true,
        "consoleReporter": "spec",
        "useInlineDiffs": false,
        "code": true
      },
      "version": "7.1.3"
    },
    "marge": {
      "options": {
        "charts": true,
        "overwrite": false,
        "html": false,
        "json": true,
        "reportDir": "cypress/report/mochawesome-report"
      },
      "version": "6.2.0"
    }
  }
}