{
  "stats": {
    "suites": 1,
    "tests": 1,
    "passes": 1,
    "pending": 0,
    "failures": 0,
    "start": "2023-08-28T05:36:14.633Z",
    "end": "2023-08-28T05:36:24.144Z",
    "duration": 9511,
    "testsRegistered": 1,
    "passPercent": 100,
    "pendingPercent": 0,
    "other": 0,
    "hasOther": false,
    "skipped": 0,
    "hasSkipped": false
  },
  "results": [
    {
      "uuid": "352fef02-4040-48e3-8431-09c1fa97f99d",
      "title": "",
      "fullFile": "cypress\\e2e\\drag and drop with iframe.cy.js",
      "file": "cypress\\e2e\\drag and drop with iframe.cy.js",
      "beforeHooks": [],
      "afterHooks": [],
      "tests": [],
      "suites": [
        {
          "uuid": "c31208ea-e4b7-4c0d-a41e-250d534d03f2",
          "title": "JqueryUi",
          "fullFile": "",
          "file": "",
          "beforeHooks": [],
          "afterHooks": [],
          "tests": [
            {
              "title": "Drag and Drop with Iframe",
              "fullTitle": "JqueryUi Drag and Drop with Iframe",
              "timedOut": null,
              "duration": 4328,
              "state": "passed",
              "speed": "fast",
              "pass": true,
              "fail": false,
              "pending": false,
              "context": null,
              "code": "//get the iframe and store into $frame \ncy.get('.demo-frame').then($frame => {\n  //find the body of iframe and store into variable \"body\"\n  const body = $frame.contents().find('body');\n  //$frame is a jquery, convert this into cypress using -- cy.wrap()\n  //alias draggable as source -- as.('source)\n  cy.wrap(body).find('#draggable').as('source');\n  //alias droppable as target -- as.('source)\n  cy.wrap(body).find('#droppable').as('target');\n});\n//trigger -- used for mouse events\n//mousedown -- right click, {which:1} -- click at center\ncy.get('@source').trigger('mousedown', {\n  which: 1\n});\n//mousemove -- move the mouse, mouseup -- release the mouse\ncy.get('@target').trigger('mousemove', {\n  which: 1\n}).trigger('mouseup', {\n  force: true\n});",
              "err": {},
              "uuid": "2d6e9253-3d43-454d-853e-326f7c17337e",
              "parentUUID": "c31208ea-e4b7-4c0d-a41e-250d534d03f2",
              "isHook": false,
              "skipped": false
            }
          ],
          "suites": [],
          "passes": [
            "2d6e9253-3d43-454d-853e-326f7c17337e"
          ],
          "failures": [],
          "pending": [],
          "skipped": [],
          "duration": 4328,
          "root": false,
          "rootEmpty": false,
          "_timeout": 2000
        }
      ],
      "passes": [],
      "failures": [],
      "pending": [],
      "skipped": [],
      "duration": 0,
      "root": true,
      "rootEmpty": true,
      "_timeout": 2000
    }
  ],
  "meta": {
    "mocha": {
      "version": "7.0.1"
    },
    "mochawesome": {
      "options": {
        "quiet": false,
        "reportFilename": "mochawesome",
        "saveHtml": false,
        "saveJson": true,
        "consoleReporter": "spec",
        "useInlineDiffs": false,
        "code": true
      },
      "version": "7.1.3"
    },
    "marge": {
      "options": {
        "charts": true,
        "overwrite": false,
        "html": false,
        "json": true,
        "reportDir": "cypress/report/mochawesome-report"
      },
      "version": "6.2.0"
    }
  }
}