{
  "stats": {
    "suites": 0,
    "tests": 1,
    "passes": 1,
    "pending": 0,
    "failures": 0,
    "start": "2023-08-02T06:43:16.602Z",
    "end": "2023-08-02T06:43:19.862Z",
    "duration": 3260,
    "testsRegistered": 1,
    "passPercent": 100,
    "pendingPercent": 0,
    "other": 0,
    "hasOther": false,
    "skipped": 0,
    "hasSkipped": false
  },
  "results": [
    {
      "uuid": "d57070bd-86e3-4ea3-9412-ddecfb0ec5a0",
      "title": "",
      "fullFile": "cypress\\e2e\\upload file.cy.js",
      "file": "cypress\\e2e\\upload file.cy.js",
      "beforeHooks": [],
      "afterHooks": [],
      "tests": [
        {
          "title": "upload file",
          "fullTitle": "upload file",
          "timedOut": null,
          "duration": 446,
          "state": "passed",
          "speed": "fast",
          "pass": true,
          "fail": false,
          "pending": false,
          "context": null,
          "code": "cy.visit('https://trytestingthis.netlify.app/');\n//file from fixtures folder, so we directly give the name of the file\ncy.get('#myfile').attachFile('example.json');",
          "err": {},
          "uuid": "19e8501a-549f-4023-9186-8c6fbc2c6329",
          "parentUUID": "d57070bd-86e3-4ea3-9412-ddecfb0ec5a0",
          "isHook": false,
          "skipped": false
        }
      ],
      "suites": [],
      "passes": [
        "19e8501a-549f-4023-9186-8c6fbc2c6329"
      ],
      "failures": [],
      "pending": [],
      "skipped": [],
      "duration": 446,
      "root": true,
      "rootEmpty": false,
      "_timeout": 2000
    }
  ],
  "meta": {
    "mocha": {
      "version": "7.0.1"
    },
    "mochawesome": {
      "options": {
        "quiet": false,
        "reportFilename": "mochawesome",
        "saveHtml": false,
        "saveJson": true,
        "consoleReporter": "spec",
        "useInlineDiffs": false,
        "code": true
      },
      "version": "7.1.3"
    },
    "marge": {
      "options": {
        "charts": true,
        "overwrite": false,
        "html": false,
        "json": true,
        "reportDir": "cypress/report/mochawesome-report"
      },
      "version": "6.2.0"
    }
  }
}