{
  "stats": {
    "suites": 1,
    "tests": 1,
    "passes": 0,
    "pending": 0,
    "failures": 1,
    "start": "2023-08-02T06:42:52.773Z",
    "end": "2023-08-02T06:43:10.289Z",
    "duration": 17516,
    "testsRegistered": 1,
    "passPercent": 0,
    "pendingPercent": 0,
    "other": 0,
    "hasOther": false,
    "skipped": 0,
    "hasSkipped": false
  },
  "results": [
    {
      "uuid": "d9d159c3-1975-4d82-a364-18a4274d092f",
      "title": "",
      "fullFile": "cypress\\e2e\\scroll the page.cy.js",
      "file": "cypress\\e2e\\scroll the page.cy.js",
      "beforeHooks": [],
      "afterHooks": [],
      "tests": [],
      "suites": [
        {
          "uuid": "618fe0f0-27d7-46e1-8b24-4c3b83c54785",
          "title": "Amazon",
          "fullFile": "",
          "file": "",
          "beforeHooks": [],
          "afterHooks": [],
          "tests": [
            {
              "title": "scroll the page",
              "fullTitle": "Amazon scroll the page",
              "timedOut": null,
              "duration": 13841,
              "state": "failed",
              "speed": null,
              "pass": false,
              "fail": true,
              "pending": false,
              "context": null,
              "code": "cy.get('#searchDropdownBox').select('Electronics', {\n  force: true\n});\ncy.get('#twotabsearchtextbox').type('Hp laptop');\ncy.get('#nav-search-submit-button').click();\n//>>>>>>>>>>>>>>>>>>>> COLLECTION <<<<<<<<<<<<<<<<<<<<<<\n//get the collection of elements and store that into 'products'\ncy.get('[data-component-type=\"s-product-image\"]').as('products');\n//>>>>>>>>>>>>>>>>>>>> GET TEXT <<<<<<<<<<<<<<<<<<<<<<\n//in that products get the element at index number 3\n//eq() -- select the element fron the collection\n//invoke('text') -- get the text\n//then(producttext) -- save that text into the variable 'producttext'\ncy.get('@products').eq(3).invoke('text').then(producttext => {\n  //print the text\n  cy.log(producttext);\n});\n//>>>>>>>>>>>>>>>>>>>> EACH <<<<<<<<<<<<<<<<<<<<<<\ncy.get('@products').each(($el, index, $list) => {\n  //$el -- wrapped jQuery element\n  //index -- index\n  //$list -- collection\n  cy.log('Index ' + index + 'and the product is ' + $el.text());\n});\n//>>>>>>>>>>>>>>>>>>>> SCROLL <<<<<<<<<<<<<<<<<<<<<<\n//     cy.get('@products').each(($el, index, $list)=>{\n//         //scroll the page\n//         cy.wrap($el).scrollIntoView()\n// })\ncy.get('#CardInstancelYmr6YjvgYZSUGV6pAOHYQ > div > div > a').scrollIntoView(); // Scrolls 'footer' into view",
              "err": {
                "message": "AssertionError: Timed out retrying after 2000ms: Expected to find element: `#CardInstancelYmr6YjvgYZSUGV6pAOHYQ > div > div > a`, but never found it.",
                "estack": "AssertionError: Timed out retrying after 2000ms: Expected to find element: `#CardInstancelYmr6YjvgYZSUGV6pAOHYQ > div > div > a`, but never found it.\n    at Context.eval (webpack:///./cypress/e2e/scroll the page.cy.js:53:7)",
                "diff": null
              },
              "uuid": "e12b03ef-3d2d-49d9-9782-4918644e9b40",
              "parentUUID": "618fe0f0-27d7-46e1-8b24-4c3b83c54785",
              "isHook": false,
              "skipped": false
            }
          ],
          "suites": [],
          "passes": [],
          "failures": [
            "e12b03ef-3d2d-49d9-9782-4918644e9b40"
          ],
          "pending": [],
          "skipped": [],
          "duration": 13841,
          "root": false,
          "rootEmpty": false,
          "_timeout": 2000
        }
      ],
      "passes": [],
      "failures": [],
      "pending": [],
      "skipped": [],
      "duration": 0,
      "root": true,
      "rootEmpty": true,
      "_timeout": 2000
    }
  ],
  "meta": {
    "mocha": {
      "version": "7.0.1"
    },
    "mochawesome": {
      "options": {
        "quiet": false,
        "reportFilename": "mochawesome",
        "saveHtml": false,
        "saveJson": true,
        "consoleReporter": "spec",
        "useInlineDiffs": false,
        "code": true
      },
      "version": "7.1.3"
    },
    "marge": {
      "options": {
        "charts": true,
        "overwrite": false,
        "html": false,
        "json": true,
        "reportDir": "cypress/report/mochawesome-report"
      },
      "version": "6.2.0"
    }
  }
}