{
  "stats": {
    "suites": 0,
    "tests": 1,
    "passes": 1,
    "pending": 0,
    "failures": 0,
    "start": "2023-08-02T05:50:19.790Z",
    "end": "2023-08-02T05:50:20.276Z",
    "duration": 486,
    "testsRegistered": 1,
    "passPercent": 100,
    "pendingPercent": 0,
    "other": 0,
    "hasOther": false,
    "skipped": 0,
    "hasSkipped": false
  },
  "results": [
    {
      "uuid": "3ba6609d-49f3-46f0-a6b1-3fd4275ee27e",
      "title": "",
      "fullFile": "cypress\\e2e\\read file using fixture.cy.js",
      "file": "cypress\\e2e\\read file using fixture.cy.js",
      "beforeHooks": [],
      "afterHooks": [],
      "tests": [
        {
          "title": "Read file using fixture",
          "fullTitle": "Read file using fixture",
          "timedOut": null,
          "duration": 468,
          "state": "passed",
          "speed": "fast",
          "pass": true,
          "fail": false,
          "pending": false,
          "context": null,
          "code": "//example.json -- file name\n// data -- variable, that store all the data from the example.json file\ncy.fixture('example.json').then(data => {\n  //call the name using the data(variable)\n  cy.log(data.name);\n  cy.log(data.email);\n  cy.log(data.body);\n  //run by before function\n  cy.log(this.test_data.name);\n});",
          "err": {},
          "uuid": "8d933ab9-1c20-4646-8f67-92de7ea45e7d",
          "parentUUID": "3ba6609d-49f3-46f0-a6b1-3fd4275ee27e",
          "isHook": false,
          "skipped": false
        }
      ],
      "suites": [],
      "passes": [
        "8d933ab9-1c20-4646-8f67-92de7ea45e7d"
      ],
      "failures": [],
      "pending": [],
      "skipped": [],
      "duration": 468,
      "root": true,
      "rootEmpty": false,
      "_timeout": 2000
    }
  ],
  "meta": {
    "mocha": {
      "version": "7.0.1"
    },
    "mochawesome": {
      "options": {
        "quiet": false,
        "reportFilename": "mochawesome",
        "saveHtml": false,
        "saveJson": true,
        "consoleReporter": "spec",
        "useInlineDiffs": false,
        "code": true
      },
      "version": "7.1.3"
    },
    "marge": {
      "options": {
        "charts": true,
        "overwrite": false,
        "html": false,
        "json": true,
        "reportDir": "cypress/report/mochawesome-report"
      },
      "version": "6.2.0"
    }
  }
}