{
  "stats": {
    "suites": 1,
    "tests": 2,
    "passes": 2,
    "pending": 0,
    "failures": 0,
    "start": "2023-08-28T05:40:02.808Z",
    "end": "2023-08-28T05:40:19.432Z",
    "duration": 16624,
    "testsRegistered": 2,
    "passPercent": 100,
    "pendingPercent": 0,
    "other": 0,
    "hasOther": false,
    "skipped": 0,
    "hasSkipped": false
  },
  "results": [
    {
      "uuid": "55bb5757-2323-43fa-9fa6-429e5ae428d5",
      "title": "",
      "fullFile": "cypress\\e2e\\verify the attributes.cy.js",
      "file": "cypress\\e2e\\verify the attributes.cy.js",
      "beforeHooks": [],
      "afterHooks": [],
      "tests": [],
      "suites": [
        {
          "uuid": "c36d1e86-1c27-4c4f-b3ab-0a32c06eb2b2",
          "title": "QATechHub",
          "fullFile": "",
          "file": "",
          "beforeHooks": [],
          "afterHooks": [],
          "tests": [
            {
              "title": "Verify Attributes",
              "fullTitle": "QATechHub Verify Attributes",
              "timedOut": null,
              "duration": 2999,
              "state": "passed",
              "speed": "fast",
              "pass": true,
              "fail": false,
              "pending": false,
              "context": null,
              "code": "//check for that <a> tag contains 'Click here'\ncy.contains('a', 'Click Here').as('button');\n//have.attr -- attribute\ncy.get('@button').should('have.attr', 'href').and('equal', 'https://qatechhub.com');\ncy.get('@button').should('have.attr', 'target').and('equal', '_blank');",
              "err": {},
              "uuid": "253290cf-2978-4949-8d2d-ee33932597e3",
              "parentUUID": "c36d1e86-1c27-4c4f-b3ab-0a32c06eb2b2",
              "isHook": false,
              "skipped": false
            },
            {
              "title": "navigate to target page by remove the target attribute",
              "fullTitle": "QATechHub navigate to target page by remove the target attribute",
              "timedOut": null,
              "duration": 8152,
              "state": "passed",
              "speed": "medium",
              "pass": true,
              "fail": false,
              "pending": false,
              "context": null,
              "code": "cy.contains('a', 'Click Here').as('button');\n//invoke('removeAttr', 'target') -- invoke the remove attribute method\n//target -- give the which attribute you want to remove\ncy.get('@button').invoke('removeAttr', 'target');\n//after removing attribute then navigate to the element\ncy.get('@button').click();",
              "err": {},
              "uuid": "54e46b36-dd5f-4e41-8b46-dff3cb65d285",
              "parentUUID": "c36d1e86-1c27-4c4f-b3ab-0a32c06eb2b2",
              "isHook": false,
              "skipped": false
            }
          ],
          "suites": [],
          "passes": [
            "253290cf-2978-4949-8d2d-ee33932597e3",
            "54e46b36-dd5f-4e41-8b46-dff3cb65d285"
          ],
          "failures": [],
          "pending": [],
          "skipped": [],
          "duration": 11151,
          "root": false,
          "rootEmpty": false,
          "_timeout": 2000
        }
      ],
      "passes": [],
      "failures": [],
      "pending": [],
      "skipped": [],
      "duration": 0,
      "root": true,
      "rootEmpty": true,
      "_timeout": 2000
    }
  ],
  "meta": {
    "mocha": {
      "version": "7.0.1"
    },
    "mochawesome": {
      "options": {
        "quiet": false,
        "reportFilename": "mochawesome",
        "saveHtml": false,
        "saveJson": true,
        "consoleReporter": "spec",
        "useInlineDiffs": false,
        "code": true
      },
      "version": "7.1.3"
    },
    "marge": {
      "options": {
        "charts": true,
        "overwrite": false,
        "html": false,
        "json": true,
        "reportDir": "cypress/report/mochawesome-report"
      },
      "version": "6.2.0"
    }
  }
}