{
  "stats": {
    "suites": 1,
    "tests": 2,
    "passes": 1,
    "pending": 0,
    "failures": 1,
    "start": "2023-08-28T05:34:43.424Z",
    "end": "2023-08-28T05:35:15.316Z",
    "duration": 31892,
    "testsRegistered": 2,
    "passPercent": 50,
    "pendingPercent": 0,
    "other": 0,
    "hasOther": false,
    "skipped": 0,
    "hasSkipped": false
  },
  "results": [
    {
      "uuid": "d8f4e1d7-c677-4bc3-8d0c-75e35ee5c367",
      "title": "",
      "fullFile": "cypress\\e2e\\before each.cy.js",
      "file": "cypress\\e2e\\before each.cy.js",
      "beforeHooks": [],
      "afterHooks": [],
      "tests": [],
      "suites": [
        {
          "uuid": "381acaa8-0a29-49e8-bbf2-cc3a2027c9b3",
          "title": "PositiveAndNegative",
          "fullFile": "",
          "file": "",
          "beforeHooks": [],
          "afterHooks": [],
          "tests": [
            {
              "title": "login 1",
              "fullTitle": "PositiveAndNegative login 1",
              "timedOut": null,
              "duration": 16915,
              "state": "passed",
              "speed": "slow",
              "pass": true,
              "fail": false,
              "pending": false,
              "context": null,
              "code": "//invoking methods in the class\nln.enterUserName('Admin');\nln.enterPassword('admin123');\nln.clicklogin();\ncy.get('.oxd-userdropdown-name').click();",
              "err": {},
              "uuid": "fc62142d-1660-4aed-b443-326f93990abb",
              "parentUUID": "381acaa8-0a29-49e8-bbf2-cc3a2027c9b3",
              "isHook": false,
              "skipped": false
            },
            {
              "title": "login 2",
              "fullTitle": "PositiveAndNegative login 2",
              "timedOut": null,
              "duration": 9121,
              "state": "failed",
              "speed": null,
              "pass": false,
              "fail": true,
              "pending": false,
              "context": null,
              "code": "ln.enterUserName('Admin123');\nln.enterPassword('admin123');\nln.clicklogin();\ncy.get('.oxd-userdropdown-name').click();",
              "err": {
                "message": "AssertionError: Timed out retrying after 2000ms: Expected to find element: `.oxd-userdropdown-name`, but never found it.",
                "estack": "AssertionError: Timed out retrying after 2000ms: Expected to find element: `.oxd-userdropdown-name`, but never found it.\n    at Context.eval (webpack:///./cypress/e2e/before each.cy.js:22:7)",
                "diff": null
              },
              "uuid": "969338c0-4ddf-4883-b7d3-fab7021a8845",
              "parentUUID": "381acaa8-0a29-49e8-bbf2-cc3a2027c9b3",
              "isHook": false,
              "skipped": false
            }
          ],
          "suites": [],
          "passes": [
            "fc62142d-1660-4aed-b443-326f93990abb"
          ],
          "failures": [
            "969338c0-4ddf-4883-b7d3-fab7021a8845"
          ],
          "pending": [],
          "skipped": [],
          "duration": 26036,
          "root": false,
          "rootEmpty": false,
          "_timeout": 2000
        }
      ],
      "passes": [],
      "failures": [],
      "pending": [],
      "skipped": [],
      "duration": 0,
      "root": true,
      "rootEmpty": true,
      "_timeout": 2000
    }
  ],
  "meta": {
    "mocha": {
      "version": "7.0.1"
    },
    "mochawesome": {
      "options": {
        "quiet": false,
        "reportFilename": "mochawesome",
        "saveHtml": false,
        "saveJson": true,
        "consoleReporter": "spec",
        "useInlineDiffs": false,
        "code": true
      },
      "version": "7.1.3"
    },
    "marge": {
      "options": {
        "charts": true,
        "overwrite": false,
        "html": false,
        "json": true,
        "reportDir": "cypress/report/mochawesome-report"
      },
      "version": "6.2.0"
    }
  }
}